Unity Editor version:    2020.3.37f1 (8c66806a0c04)
Branch:                  2020.3/staging
Build type:              Release
Batch mode:              YES
macOS version:           Version 11.6.1 (Build 20G224)
Darwin version:          20.6.0
Architecture:            x86_64
Running under Rosetta:   NO
Available memory:        8192 MB
Using pre-set license
Pro License: NO

COMMAND LINE ARGUMENTS:
/Volumes/TOSHIBA EXT/2020.3.37f1/Unity.app/Contents/MacOS/Unity
-adb2
-batchMode
-noUpm
-name
AssetImportWorker0
-projectPath
/Users/javierhernandez/Downloads/Plugin/PluginProject
-logFile
Logs/AssetImportWorker0.log
-srvPort
49919
Successfully changed project path to: /Users/javierhernandez/Downloads/Plugin/PluginProject
/Users/javierhernandez/Downloads/Plugin/PluginProject
Using Asset Import Pipeline V2.
Refreshing native plugins compatible for Editor in 70.00 ms, found 2 plugins.
Preloading 0 native plugins for Editor in 0.00 ms.
Initialize engine version: 2020.3.37f1 (8c66806a0c04)
[Subsystems] Discovering subsystems at path /Volumes/TOSHIBA EXT/2020.3.37f1/Unity.app/Contents/Resources/UnitySubsystems
[Subsystems] Discovering subsystems at path /Users/javierhernandez/Downloads/Plugin/PluginProject/Assets
GfxDevice: creating device client; threaded=0
2022-10-20 18:56:04.448 Unity[1675:35681] Color LCD preferred device: Intel(R) Iris(TM) Graphics 6000 (low power)
2022-10-20 18:56:04.448 Unity[1675:35681] Metal devices available: 1
2022-10-20 18:56:04.448 Unity[1675:35681] 0: Intel(R) Iris(TM) Graphics 6000 (low power)
2022-10-20 18:56:04.449 Unity[1675:35681] Using device Intel(R) Iris(TM) Graphics 6000 (low power)
Initializing Metal device caps: Intel(R) Iris(TM) Graphics 6000
Initialize mono
Mono path[0] = '/Volumes/TOSHIBA EXT/2020.3.37f1/Unity.app/Contents/Managed'
Mono path[1] = '/Volumes/TOSHIBA EXT/2020.3.37f1/Unity.app/Contents/MonoBleedingEdge/lib/mono/unityjit'
Mono config path = '/Volumes/TOSHIBA EXT/2020.3.37f1/Unity.app/Contents/MonoBleedingEdge/etc'
Using monoOptions --debugger-agent=transport=dt_socket,embedding=1,server=y,suspend=n,address=127.0.0.1:56675
Begin MonoManager ReloadAssembly
Registering precompiled unity dll's ...
Register platform support module: /Volumes/TOSHIBA EXT/2020.3.37f1/Unity.app/Contents/PlaybackEngines/MacStandaloneSupport/UnityEditor.OSXStandalone.Extensions.dll
Registered in 0.046434 seconds.
Native extension for OSXStandalone target not found
Refreshing native plugins compatible for Editor in 51.94 ms, found 2 plugins.
Preloading 0 native plugins for Editor in 0.00 ms.
Mono: successfully reloaded assembly
- Completed reload, in  1.363 seconds
Domain Reload Profiling:
	ReloadAssembly (1363ms)
		BeginReloadAssembly (377ms)
			ExecutionOrderSort (0ms)
			DisableScriptedObjects (0ms)
			BackupInstance (0ms)
			ReleaseScriptingObjects (0ms)
			CreateAndSetChildDomain (2ms)
		EndReloadAssembly (809ms)
			LoadAssemblies (379ms)
			RebuildTransferFunctionScriptingTraits (0ms)
			SetupTypeCache (314ms)
			ReleaseScriptCaches (0ms)
			RebuildScriptCaches (60ms)
			SetupLoadedEditorAssemblies (295ms)
				LogAssemblyErrors (0ms)
				InitializePlatformSupportModulesInManaged (7ms)
				SetLoadedEditorAssemblies (0ms)
				RefreshPlugins (52ms)
				BeforeProcessingInitializeOnLoad (12ms)
				ProcessInitializeOnLoadAttributes (166ms)
				ProcessInitializeOnLoadMethodAttributes (57ms)
				AfterProcessingInitializeOnLoad (0ms)
				EditorAssembliesLoaded (0ms)
			ExecutionOrderSort2 (0ms)
			AwakeInstancesAfterBackupRestoration (0ms)
Platform modules already initialized, skipping
Registering precompiled user dll's ...
Registered in 0.012197 seconds.
Begin MonoManager ReloadAssembly
Native extension for OSXStandalone target not found
Refreshing native plugins compatible for Editor in 0.39 ms, found 2 plugins.
Preloading 0 native plugins for Editor in 0.00 ms.
Mono: successfully reloaded assembly
- Completed reload, in  1.838 seconds
Domain Reload Profiling:
	ReloadAssembly (1840ms)
		BeginReloadAssembly (271ms)
			ExecutionOrderSort (0ms)
			DisableScriptedObjects (10ms)
			BackupInstance (0ms)
			ReleaseScriptingObjects (0ms)
			CreateAndSetChildDomain (51ms)
		EndReloadAssembly (1456ms)
			LoadAssemblies (168ms)
			RebuildTransferFunctionScriptingTraits (0ms)
			SetupTypeCache (493ms)
			ReleaseScriptCaches (1ms)
			RebuildScriptCaches (86ms)
			SetupLoadedEditorAssemblies (542ms)
				LogAssemblyErrors (0ms)
				InitializePlatformSupportModulesInManaged (6ms)
				SetLoadedEditorAssemblies (1ms)
				RefreshPlugins (0ms)
				BeforeProcessingInitializeOnLoad (77ms)
				ProcessInitializeOnLoadAttributes (348ms)
				ProcessInitializeOnLoadMethodAttributes (107ms)
				AfterProcessingInitializeOnLoad (2ms)
				EditorAssembliesLoaded (0ms)
			ExecutionOrderSort2 (0ms)
			AwakeInstancesAfterBackupRestoration (3ms)
Platform modules already initialized, skipping
Validating Project structure ... 0.011046 seconds.
Shader import version has changed; will reimport all shaders...
Upgrading shader files ...0.045688 seconds.
Application.AssetDatabase Initial Script Refresh Start
RefreshInfo: InitialScriptRefreshV2(NoUpdateAssetOptions) scanfilter:  ... 1 filters
RefreshProfiler: Total: 0.000ms
Application.AssetDatabase Initial Script Refresh End
Application.AssetDatabase.Refresh Start
Application.AssetDatabase.Refresh End
RefreshInfo: StopAssetImportingV2(ForceSynchronousImport) scanfilter: 
RefreshProfiler: Total: 0.000ms
Launching external process: /Volumes/TOSHIBA EXT/2020.3.37f1/Unity.app/Contents/Tools/UnityShaderCompiler
Launched and connected shader compiler UnityShaderCompiler after 0.05 seconds
Initializing Unity extensions:
[C# Project] Writing /Users/javierhernandez/Downloads/Plugin/PluginProject/PluginProject.sln because it has changed
[C# Project] First difference on line 4

[C# Project] Current /Users/javierhernandez/Downloads/Plugin/PluginProject/PluginProject.sln:
[C# Project]   004: Project("{FAE04EC0-301F-11D3-BF4B-00C04F79EFBC}") = "Assembly-CSharp", "Assembly-CSharp.csproj", "{349862DB-2253-30A5-95F0-616812323983}"
[C# Project]   005: EndProject
[C# Project]   006: Global
[C# Project]   007: 	GlobalSection(SolutionConfigurationPlatforms) = preSolution
[C# Project]   008: 		Debug|Any CPU = Debug|Any CPU

[C# Project] New /Users/javierhernandez/Downloads/Plugin/PluginProject/PluginProject.sln:
[C# Project]   004: Project("{FAE04EC0-301F-11D3-BF4B-00C04F79EFBC}") = "UnityEngine.UI", "UnityEngine.UI.csproj", "{A29605DD-F6F8-41C7-5BF9-A33995B67BC8}"
[C# Project]   005: EndProject
[C# Project]   006: Project("{FAE04EC0-301F-11D3-BF4B-00C04F79EFBC}") = "UnityEngine.TestRunner", "UnityEngine.TestRunner.csproj", "{C565DE4F-02F0-6009-3A28-0FDAB46516BB}"
[C# Project]   007: EndProject
[C# Project]   008: Project("{FAE04EC0-301F-11D3-BF4B-00C04F79EFBC}") = "UnityEngine.UI.Tests", "UnityEngine.UI.Tests.csproj", "{53D3BEE8-CC66-33A4-2BC1-7E295AF65997}"
[C# Project] Writing /Users/javierhernandez/Downloads/Plugin/PluginProject/UnityEngine.UI.csproj because it has changed
[C# Project] First difference on line 4

[C# Project] Current /Users/javierhernandez/Downloads/Plugin/PluginProject/UnityEngine.UI.csproj:
[C# Project]   004:     <LangVersion>8.0</LangVersion>
[C# Project]   005:   </PropertyGroup>
[C# Project]   006:   <PropertyGroup>
[C# Project]   007:     <Configuration Condition=" '$(Configuration)' == '' ">Debug</Configuration>
[C# Project]   008:     <Platform Condition=" '$(Platform)' == '' ">AnyCPU</Platform>

[C# Project] New /Users/javierhernandez/Downloads/Plugin/PluginProject/UnityEngine.UI.csproj:
[C# Project]   004:     <LangVersion>latest</LangVersion>
[C# Project]   005:     <CscToolPath>/Volumes/TOSHIBA EXT/2020.3.37f1/Unity.app/Contents/Tools/RoslynScripts</CscToolPath>
[C# Project]   006:     <CscToolExe>unity_csc.sh</CscToolExe>
[C# Project]   007:   </PropertyGroup>
[C# Project]   008:   <PropertyGroup>
[C# Project] Writing /Users/javierhernandez/Downloads/Plugin/PluginProject/Assembly-CSharp.csproj because it has changed
[C# Project] First difference on line 676

[C# Project] Current /Users/javierhernandez/Downloads/Plugin/PluginProject/Assembly-CSharp.csproj:
[C# Project]   676:  <Reference Include="Unity.VSCode.Editor">
[C# Project]   677:  <HintPath>/Users/javierhernandez/Downloads/Plugin/PluginProject/Library/ScriptAssemblies/Unity.VSCode.Editor.dll</HintPath>
[C# Project]   678:  </Reference>
[C# Project]   679:  <Reference Include="Unity.TextMeshPro.Editor">
[C# Project]   680:  <HintPath>/Users/javierhernandez/Downloads/Plugin/PluginProject/Library/ScriptAssemblies/Unity.TextMeshPro.Editor.dll</HintPath>

[C# Project] New /Users/javierhernandez/Downloads/Plugin/PluginProject/Assembly-CSharp.csproj:
[C# Project]   676:   </ItemGroup>
[C# Project]   677:   <ItemGroup>
[C# Project]   678:     <ProjectReference Include="Unity.VSCode.Editor.csproj">
[C# Project]   679:       <Project>{FD6FAEEA-C12E-AE26-F706-BAA13F7C2509}</Project>
[C# Project]   680:       <Name>Unity.VSCode.Editor</Name>
[C# Project] Writing /Users/javierhernandez/Downloads/Plugin/PluginProject/UnityEditor.UI.csproj because it has changed
[C# Project] First difference on line 4

[C# Project] Current /Users/javierhernandez/Downloads/Plugin/PluginProject/UnityEditor.UI.csproj:
[C# Project]   004:     <LangVersion>8.0</LangVersion>
[C# Project]   005:   </PropertyGroup>
[C# Project]   006:   <PropertyGroup>
[C# Project]   007:     <Configuration Condition=" '$(Configuration)' == '' ">Debug</Configuration>
[C# Project]   008:     <Platform Condition=" '$(Platform)' == '' ">AnyCPU</Platform>

[C# Project] New /Users/javierhernandez/Downloads/Plugin/PluginProject/UnityEditor.UI.csproj:
[C# Project]   004:     <LangVersion>latest</LangVersion>
[C# Project]   005:     <CscToolPath>/Volumes/TOSHIBA EXT/2020.3.37f1/Unity.app/Contents/Tools/RoslynScripts</CscToolPath>
[C# Project]   006:     <CscToolExe>unity_csc.sh</CscToolExe>
[C# Project]   007:   </PropertyGroup>
[C# Project]   008:   <PropertyGroup>
========================================================================
Worker process is ready to serve import requests
Refreshing native plugins compatible for Editor in 1.13 ms, found 2 plugins.
Preloading 0 native plugins for Editor in 0.00 ms.
Unloading 1566 Unused Serialized files (Serialized files now loaded: 0)
System memory in use before: 183.5 MB.
System memory in use after: 182.7 MB.

Unloading 110 unused Assets to reduce memory usage. Loaded Objects now: 2042.
Total: 5.061214 ms (FindLiveObjects: 0.180482 ms CreateObjectMapping: 0.059954 ms MarkObjects: 4.089782 ms  DeleteObjects: 0.729305 ms)

AssetImportParameters requested are different than current active one (requested -> active):
  custom:video-decoder-ogg-theora: a1e56fd34408186e4bbccfd4996cb3dc -> 
  custom:container-muxer-webm: aa71ff27fc2769a1b78a27578f13a17b -> 
  custom:container-demuxer-webm: 4f35f7cbe854078d1ac9338744f61a02 -> 
  custom:container-demuxer-ogg: 62fdf1f143b41e24485cea50d1cbac27 -> 
  custom:video-encoder-webm-vp8: eb34c28f22e8b96e1ab97ce403110664 -> 
  custom:framework-osx-AVFoundation: e770b220cccbd017edd2c1fefb359320 -> 
  custom:video-decoder-webm-vp8: 9c59270c3fd7afecdb556c50c9e8de78 -> 
  custom:audio-decoder-ogg-vorbis: bf7c407c2cedff20999df2af8eb42d56 -> 
  custom:audio-encoder-webm-vorbis: bf7c407c2cedff20999df2af8eb42d56 -> 
========================================================================
Received Import Request.
  path: ProjectSettings/TagManager.asset
  artifactKey: Guid(00000000000000003000000000000000) Importer(815301076,1909f56bfc062723c751e8b465ee728b)
Start importing ProjectSettings/TagManager.asset using Guid(00000000000000003000000000000000) Importer(815301076,1909f56bfc062723c751e8b465ee728b)  -> (artifact id: '8276a11e59b4856d7da969c25228b2e3') in 1.822947 seconds 
